{"numTotalTestSuites":21,"numPassedTestSuites":21,"numFailedTestSuites":0,"numPendingTestSuites":0,"numTotalTests":54,"numPassedTests":54,"numFailedTests":0,"numPendingTests":0,"numTodoTests":0,"snapshot":{"added":0,"failure":false,"filesAdded":0,"filesRemoved":0,"filesRemovedList":[],"filesUnmatched":0,"filesUpdated":0,"matched":0,"total":0,"unchecked":0,"uncheckedKeysByFile":[],"unmatched":0,"updated":0,"didUpdate":false},"startTime":1749760948366,"success":true,"testResults":[{"assertionResults":[{"ancestorTitles":["useRoadmapEditor","initialization"],"fullName":"useRoadmapEditor initialization should initialize with provided roadmap data","status":"passed","title":"should initialize with provided roadmap data","duration":14.629500000000007,"failureMessages":[],"location":{"line":53,"column":5},"meta":{}},{"ancestorTitles":["useRoadmapEditor","initialization"],"fullName":"useRoadmapEditor initialization should handle empty items array","status":"passed","title":"should handle empty items array","duration":2.779166999999916,"failureMessages":[],"location":{"line":62,"column":5},"meta":{}},{"ancestorTitles":["useRoadmapEditor","buildNestedItems functionality"],"fullName":"useRoadmapEditor buildNestedItems functionality should build correct nested structure from flat items","status":"passed","title":"should build correct nested structure from flat items","duration":3.139415999999983,"failureMessages":[],"location":{"line":72,"column":5},"meta":{}},{"ancestorTitles":["useRoadmapEditor","buildNestedItems functionality"],"fullName":"useRoadmapEditor buildNestedItems functionality should handle orphaned items as root items","status":"passed","title":"should handle orphaned items as root items","duration":1.3315829999999096,"failureMessages":[],"location":{"line":101,"column":5},"meta":{}},{"ancestorTitles":["useRoadmapEditor","buildNestedItems functionality"],"fullName":"useRoadmapEditor buildNestedItems functionality should sort items by position at each level","status":"passed","title":"should sort items by position at each level","duration":2.201041999999916,"failureMessages":[],"location":{"line":113,"column":5},"meta":{}},{"ancestorTitles":["useRoadmapEditor","addItem action"],"fullName":"useRoadmapEditor addItem action should add root item with correct position","status":"passed","title":"should add root item with correct position","duration":14.168499999999995,"failureMessages":[],"location":{"line":145,"column":5},"meta":{}},{"ancestorTitles":["useRoadmapEditor","addItem action"],"fullName":"useRoadmapEditor addItem action should add child item with correct level and position","status":"passed","title":"should add child item with correct level and position","duration":6.456082999999808,"failureMessages":[],"location":{"line":160,"column":5},"meta":{}},{"ancestorTitles":["useRoadmapEditor","addItem action"],"fullName":"useRoadmapEditor addItem action should calculate correct position for siblings","status":"passed","title":"should calculate correct position for siblings","duration":2.916209000000208,"failureMessages":[],"location":{"line":178,"column":5},"meta":{}},{"ancestorTitles":["useRoadmapEditor","addItem action"],"fullName":"useRoadmapEditor addItem action should handle API failure with rollback","status":"passed","title":"should handle API failure with rollback","duration":2.6523749999998927,"failureMessages":[],"location":{"line":198,"column":5},"meta":{}},{"ancestorTitles":["useRoadmapEditor","addItem action"],"fullName":"useRoadmapEditor addItem action should update temporary ID with server ID","status":"passed","title":"should update temporary ID with server ID","duration":2.4918330000000424,"failureMessages":[],"location":{"line":214,"column":5},"meta":{}},{"ancestorTitles":["useRoadmapEditor","updateItem action"],"fullName":"useRoadmapEditor updateItem action should update item title and description","status":"passed","title":"should update item title and description","duration":2.5647500000000036,"failureMessages":[],"location":{"line":238,"column":5},"meta":{}},{"ancestorTitles":["useRoadmapEditor","updateItem action"],"fullName":"useRoadmapEditor updateItem action should use PUT method for completion updates","status":"passed","title":"should use PUT method for completion updates","duration":2.046040999999832,"failureMessages":[],"location":{"line":258,"column":5},"meta":{}},{"ancestorTitles":["useRoadmapEditor","updateItem action"],"fullName":"useRoadmapEditor updateItem action should cascade completion to all children","status":"passed","title":"should cascade completion to all children","duration":1.8061250000000655,"failureMessages":[],"location":{"line":272,"column":5},"meta":{}},{"ancestorTitles":["useRoadmapEditor","updateItem action"],"fullName":"useRoadmapEditor updateItem action should set completed_at timestamp when completing","status":"passed","title":"should set completed_at timestamp when completing","duration":3.5305409999998574,"failureMessages":[],"location":{"line":294,"column":5},"meta":{}},{"ancestorTitles":["useRoadmapEditor","updateItem action"],"fullName":"useRoadmapEditor updateItem action should clear completed_at when uncompleting","status":"passed","title":"should clear completed_at when uncompleting","duration":1.519457999999986,"failureMessages":[],"location":{"line":313,"column":5},"meta":{}},{"ancestorTitles":["useRoadmapEditor","updateItem action"],"fullName":"useRoadmapEditor updateItem action should handle API failure with rollback","status":"passed","title":"should handle API failure with rollback","duration":1.446042000000034,"failureMessages":[],"location":{"line":333,"column":5},"meta":{}},{"ancestorTitles":["useRoadmapEditor","deleteItem action"],"fullName":"useRoadmapEditor deleteItem action should delete single item","status":"passed","title":"should delete single item","duration":1.8140419999999722,"failureMessages":[],"location":{"line":358,"column":5},"meta":{}},{"ancestorTitles":["useRoadmapEditor","deleteItem action"],"fullName":"useRoadmapEditor deleteItem action should delete item and all its children recursively","status":"passed","title":"should delete item and all its children recursively","duration":3.0331249999999272,"failureMessages":[],"location":{"line":374,"column":5},"meta":{}},{"ancestorTitles":["useRoadmapEditor","deleteItem action"],"fullName":"useRoadmapEditor deleteItem action should handle API failure with rollback","status":"passed","title":"should handle API failure with rollback","duration":3.4201250000000982,"failureMessages":[],"location":{"line":394,"column":5},"meta":{}},{"ancestorTitles":["useRoadmapEditor","moveItem action"],"fullName":"useRoadmapEditor moveItem action should move item up in the list","status":"passed","title":"should move item up in the list","duration":4.313415999999961,"failureMessages":[],"location":{"line":416,"column":5},"meta":{}},{"ancestorTitles":["useRoadmapEditor","moveItem action"],"fullName":"useRoadmapEditor moveItem action should move item down in the list","status":"passed","title":"should move item down in the list","duration":3.5163339999999152,"failureMessages":[],"location":{"line":438,"column":5},"meta":{}},{"ancestorTitles":["useRoadmapEditor","moveItem action"],"fullName":"useRoadmapEditor moveItem action should not move first item up","status":"passed","title":"should not move first item up","duration":1.0635409999999865,"failureMessages":[],"location":{"line":457,"column":5},"meta":{}},{"ancestorTitles":["useRoadmapEditor","moveItem action"],"fullName":"useRoadmapEditor moveItem action should not move last item down","status":"passed","title":"should not move last item down","duration":0.9099590000000717,"failureMessages":[],"location":{"line":472,"column":5},"meta":{}},{"ancestorTitles":["useRoadmapEditor","moveItem action"],"fullName":"useRoadmapEditor moveItem action should handle non-existent item gracefully","status":"passed","title":"should handle non-existent item gracefully","duration":1.0637500000000273,"failureMessages":[],"location":{"line":487,"column":5},"meta":{}},{"ancestorTitles":["useRoadmapEditor","moveItem action"],"fullName":"useRoadmapEditor moveItem action should use temporary position during swap to avoid conflicts","status":"passed","title":"should use temporary position during swap to avoid conflicts","duration":2.537709000000177,"failureMessages":[],"location":{"line":497,"column":5},"meta":{}},{"ancestorTitles":["useRoadmapEditor","moveItem action"],"fullName":"useRoadmapEditor moveItem action should handle API failure with rollback","status":"passed","title":"should handle API failure with rollback","duration":2.353332999999793,"failureMessages":[],"location":{"line":512,"column":5},"meta":{}},{"ancestorTitles":["useRoadmapEditor","moveItem action"],"fullName":"useRoadmapEditor moveItem action should only move items within same parent group","status":"passed","title":"should only move items within same parent group","duration":1.2487089999999625,"failureMessages":[],"location":{"line":538,"column":5},"meta":{}},{"ancestorTitles":["useRoadmapEditor","error handling and edge cases"],"fullName":"useRoadmapEditor error handling and edge cases should handle HTTP error responses","status":"passed","title":"should handle HTTP error responses","duration":1.857957999999826,"failureMessages":[],"location":{"line":558,"column":5},"meta":{}},{"ancestorTitles":["useRoadmapEditor","error handling and edge cases"],"fullName":"useRoadmapEditor error handling and edge cases should handle network errors","status":"passed","title":"should handle network errors","duration":1.249416999999994,"failureMessages":[],"location":{"line":578,"column":5},"meta":{}},{"ancestorTitles":["useRoadmapEditor","error handling and edge cases"],"fullName":"useRoadmapEditor error handling and edge cases should handle malformed API responses","status":"passed","title":"should handle malformed API responses","duration":1.0981249999999818,"failureMessages":[],"location":{"line":592,"column":5},"meta":{}},{"ancestorTitles":["useRoadmapEditor","error handling and edge cases"],"fullName":"useRoadmapEditor error handling and edge cases should clear error on successful operation","status":"passed","title":"should clear error on successful operation","duration":2.6166670000000067,"failureMessages":[],"location":{"line":611,"column":5},"meta":{}},{"ancestorTitles":["useRoadmapEditor","loading states"],"fullName":"useRoadmapEditor loading states should set loading state during operations","status":"passed","title":"should set loading state during operations","duration":1.7570419999999558,"failureMessages":[],"location":{"line":640,"column":5},"meta":{}},{"ancestorTitles":["useRoadmapEditor","memoization and performance"],"fullName":"useRoadmapEditor memoization and performance should memoize nestedItems calculation","status":"passed","title":"should memoize nestedItems calculation","duration":0.43570900000008805,"failureMessages":[],"location":{"line":671,"column":5},"meta":{}},{"ancestorTitles":["useRoadmapEditor","memoization and performance"],"fullName":"useRoadmapEditor memoization and performance should recalculate nestedItems when flatItems change","status":"passed","title":"should recalculate nestedItems when flatItems change","duration":1.0985000000000582,"failureMessages":[],"location":{"line":681,"column":5},"meta":{}}],"startTime":1749760950287,"endTime":1749760950389.0984,"status":"passed","message":"","name":"/Users/kabix/DevFolder/RoadYourMap/src/components/__tests__/useRoadmapEditor.test.ts"},{"assertionResults":[{"ancestorTitles":["useNavigate hook"],"fullName":"useNavigate hook should navigate to the given path","status":"passed","title":"should navigate to the given path","duration":10.976415999999972,"failureMessages":[],"location":{"line":18,"column":3},"meta":{}},{"ancestorTitles":["useNavigate hook"],"fullName":"useNavigate hook should return a memoized function","status":"passed","title":"should return a memoized function","duration":3.779499999999871,"failureMessages":[],"location":{"line":29,"column":3},"meta":{}}],"startTime":1749760950264,"endTime":1749760950278.7795,"status":"passed","message":"","name":"/Users/kabix/DevFolder/RoadYourMap/src/lib/hooks/__tests__/useNavigate.test.ts"},{"assertionResults":[{"ancestorTitles":["useRoadmaps","Initial State"],"fullName":"useRoadmaps Initial State should initialize with correct default state","status":"passed","title":"should initialize with correct default state","duration":36.01954100000012,"failureMessages":[],"location":{"line":52,"column":5},"meta":{}},{"ancestorTitles":["useRoadmaps","Fetch Roadmaps"],"fullName":"useRoadmaps Fetch Roadmaps should fetch roadmaps successfully on mount","status":"passed","title":"should fetch roadmaps successfully on mount","duration":58.17899999999986,"failureMessages":[],"location":{"line":66,"column":5},"meta":{}},{"ancestorTitles":["useRoadmaps","Fetch Roadmaps"],"fullName":"useRoadmaps Fetch Roadmaps should handle empty roadmaps array","status":"passed","title":"should handle empty roadmaps array","duration":54.808250000000044,"failureMessages":[],"location":{"line":86,"column":5},"meta":{}},{"ancestorTitles":["useRoadmaps","Fetch Roadmaps"],"fullName":"useRoadmaps Fetch Roadmaps should handle missing roadmaps property in response","status":"passed","title":"should handle missing roadmaps property in response","duration":57.43608399999994,"failureMessages":[],"location":{"line":99,"column":5},"meta":{}},{"ancestorTitles":["useRoadmaps","Fetch Roadmaps"],"fullName":"useRoadmaps Fetch Roadmaps should handle HTTP error responses","status":"passed","title":"should handle HTTP error responses","duration":56.508334000000104,"failureMessages":[],"location":{"line":112,"column":5},"meta":{}},{"ancestorTitles":["useRoadmaps","Fetch Roadmaps"],"fullName":"useRoadmaps Fetch Roadmaps should handle network errors","status":"passed","title":"should handle network errors","duration":54.50487499999963,"failureMessages":[],"location":{"line":126,"column":5},"meta":{}},{"ancestorTitles":["useRoadmaps","Fetch Roadmaps"],"fullName":"useRoadmaps Fetch Roadmaps should handle unknown error types","status":"passed","title":"should handle unknown error types","duration":54.3055830000003,"failureMessages":[],"location":{"line":141,"column":5},"meta":{}},{"ancestorTitles":["useRoadmaps","Fetch Roadmaps"],"fullName":"useRoadmaps Fetch Roadmaps should allow manual refetch via fetchRoadmaps","status":"passed","title":"should allow manual refetch via fetchRoadmaps","duration":114.13462500000014,"failureMessages":[],"location":{"line":153,"column":5},"meta":{}},{"ancestorTitles":["useRoadmaps","Delete Roadmap"],"fullName":"useRoadmaps Delete Roadmap should delete roadmap successfully and update local state","status":"passed","title":"should delete roadmap successfully and update local state","duration":113.65875000000005,"failureMessages":[],"location":{"line":178,"column":5},"meta":{}},{"ancestorTitles":["useRoadmaps","Delete Roadmap"],"fullName":"useRoadmaps Delete Roadmap should handle delete HTTP errors","status":"passed","title":"should handle delete HTTP errors","duration":116.33962500000007,"failureMessages":[],"location":{"line":207,"column":5},"meta":{}},{"ancestorTitles":["useRoadmaps","Delete Roadmap"],"fullName":"useRoadmaps Delete Roadmap should handle delete network errors","status":"passed","title":"should handle delete network errors","duration":109.06916600000022,"failureMessages":[],"location":{"line":233,"column":5},"meta":{}},{"ancestorTitles":["useRoadmaps","Delete Roadmap"],"fullName":"useRoadmaps Delete Roadmap should handle unknown delete errors","status":"passed","title":"should handle unknown delete errors","duration":111.64341699999977,"failureMessages":[],"location":{"line":257,"column":5},"meta":{}},{"ancestorTitles":["useRoadmaps","Delete Roadmap"],"fullName":"useRoadmaps Delete Roadmap should not modify state when deleting non-existent roadmap","status":"passed","title":"should not modify state when deleting non-existent roadmap","duration":60.196166000000176,"failureMessages":[],"location":{"line":279,"column":5},"meta":{}},{"ancestorTitles":["useRoadmaps","State Management"],"fullName":"useRoadmaps State Management should clear error state on successful operations","status":"passed","title":"should clear error state on successful operations","duration":111.21054200000026,"failureMessages":[],"location":{"line":302,"column":5},"meta":{}},{"ancestorTitles":["useRoadmaps","State Management"],"fullName":"useRoadmaps State Management should maintain loading state during operations","status":"passed","title":"should maintain loading state during operations","duration":57.2060419999998,"failureMessages":[],"location":{"line":323,"column":5},"meta":{}},{"ancestorTitles":["useRoadmaps","Type Safety"],"fullName":"useRoadmaps Type Safety should maintain correct TypeScript types","status":"passed","title":"should maintain correct TypeScript types","duration":5.698124999999891,"failureMessages":[],"location":{"line":350,"column":5},"meta":{}},{"ancestorTitles":["useRoadmaps","Edge Cases"],"fullName":"useRoadmaps Edge Cases should handle malformed JSON response","status":"passed","title":"should handle malformed JSON response","duration":54.892667000000074,"failureMessages":[],"location":{"line":363,"column":5},"meta":{}},{"ancestorTitles":["useRoadmaps","Edge Cases"],"fullName":"useRoadmaps Edge Cases should handle concurrent delete operations","status":"passed","title":"should handle concurrent delete operations","duration":109.26637500000015,"failureMessages":[],"location":{"line":380,"column":5},"meta":{}}],"startTime":1749760950264,"endTime":1749760951600.2664,"status":"passed","message":"","name":"/Users/kabix/DevFolder/RoadYourMap/src/lib/hooks/__tests__/useRoadmaps.test.ts"}]}